# JRE version: OpenJDK Runtime Environment (8.0_152-b01) (build 1.8.0_152-release-915-b01)
# Java VM: OpenJDK 64-Bit Server VM (25.152-b01 mixed mode windows-amd64 compressed oops)
Heap:
 PSYoungGen      total 273408K, used 29347K [0x00000000e0000000, 0x00000000ff700000, 0x0000000100000000)
  eden space 265216K, 7% used [0x00000000e0000000,0x00000000e14aaec8,0x00000000f0300000)
  from space 8192K, 99% used [0x00000000f0300000,0x00000000f0afde58,0x00000000f0b00000)
  to   space 124928K, 0% used [0x00000000f7d00000,0x00000000f7d00000,0x00000000ff700000)
 ParOldGen       total 1048064K, used 615456K [0x00000000a0000000, 0x00000000dff80000, 0x00000000e0000000)
  object space 1048064K, 58% used [0x00000000a0000000,0x00000000c59081d8,0x00000000dff80000)
 Metaspace       used 124772K, capacity 133390K, committed 134656K, reserved 1165312K
  class space    used 15121K, capacity 17112K, committed 18176K, reserved 1048576K
GC Heap History (10 events):
Event: 8074.828 GC heap before
{Heap before GC invocations=416 (full 20):
 PSYoungGen      total 383488K, used 251438K [0x00000000e0000000, 0x00000000ffe80000, 0x0000000100000000)
  eden space 250880K, 100% used [0x00000000e0000000,0x00000000ef500000,0x00000000ef500000)
  from space 132608K, 0% used [0x00000000ef500000,0x00000000ef58b8a0,0x00000000f7680000)
  to   space 129024K, 0% used [0x00000000f8080000,0x00000000f8080000,0x00000000ffe80000)
 ParOldGen       total 904704K, used 812748K [0x00000000a0000000, 0x00000000d7380000, 0x00000000e0000000)
  object space 904704K, 89% used [0x00000000a0000000,0x00000000d19b3060,0x00000000d7380000)
 Metaspace       used 124771K, capacity 133390K, committed 134656K, reserved 1165312K
  class space    used 15121K, capacity 17112K, committed 18176K, reserved 1048576K
Event: 8074.852 GC heap after
Heap after GC invocations=416 (full 20):
 PSYoungGen      total 370176K, used 31933K [0x00000000e0000000, 0x00000000fe980000, 0x0000000100000000)
  eden space 262656K, 0% used [0x00000000e0000000,0x00000000e0000000,0x00000000f0080000)
  from space 107520K, 29% used [0x00000000f8080000,0x00000000f9faf788,0x00000000fe980000)
  to   space 119296K, 0% used [0x00000000f0080000,0x00000000f0080000,0x00000000f7500000)
 ParOldGen       total 904704K, used 812980K [0x00000000a0000000, 0x00000000d7380000, 0x00000000e0000000)
  object space 904704K, 89% used [0x00000000a0000000,0x00000000d19ed060,0x00000000d7380000)
 Metaspace       used 124771K, capacity 133390K, committed 134656K, reserved 1165312K
  class space    used 15121K, capacity 17112K, committed 18176K, reserved 1048576K
}
Event: 8075.236 GC heap before
{Heap before GC invocations=417 (full 20):
 PSYoungGen      total 370176K, used 294589K [0x00000000e0000000, 0x00000000fe980000, 0x0000000100000000)
  eden space 262656K, 100% used [0x00000000e0000000,0x00000000f0080000,0x00000000f0080000)
  from space 107520K, 29% used [0x00000000f8080000,0x00000000f9faf788,0x00000000fe980000)
  to   space 119296K, 0% used [0x00000000f0080000,0x00000000f0080000,0x00000000f7500000)
 ParOldGen       total 904704K, used 812980K [0x00000000a0000000, 0x00000000d7380000, 0x00000000e0000000)
  object space 904704K, 89% used [0x00000000a0000000,0x00000000d19ed060,0x00000000d7380000)
 Metaspace       used 124772K, capacity 133390K, committed 134656K, reserved 1165312K
  class space    used 15121K, capacity 17112K, committed 18176K, reserved 1048576K
Event: 8075.301 GC heap after
Heap after GC invocations=417 (full 20):
 PSYoungGen      total 381952K, used 86504K [0x00000000e0000000, 0x0000000100000000, 0x0000000100000000)
  eden space 262656K, 0% used [0x00000000e0000000,0x00000000e0000000,0x00000000f0080000)
  from space 119296K, 72% used [0x00000000f0080000,0x00000000f54fa210,0x00000000f7500000)
  to   space 130560K, 0% used [0x00000000f8080000,0x00000000f8080000,0x0000000100000000)
 ParOldGen       total 904704K, used 840631K [0x00000000a0000000, 0x00000000d7380000, 0x00000000e0000000)
  object space 904704K, 92% used [0x00000000a0000000,0x00000000d34ede70,0x00000000d7380000)
 Metaspace       used 124772K, capacity 133390K, committed 134656K, reserved 1165312K
  class space    used 15121K, capacity 17112K, committed 18176K, reserved 1048576K
}
Event: 8075.301 GC heap before
{Heap before GC invocations=418 (full 21):
 PSYoungGen      total 381952K, used 86504K [0x00000000e0000000, 0x0000000100000000, 0x0000000100000000)
  eden space 262656K, 0% used [0x00000000e0000000,0x00000000e0000000,0x00000000f0080000)
  from space 119296K, 72% used [0x00000000f0080000,0x00000000f54fa210,0x00000000f7500000)
  to   space 130560K, 0% used [0x00000000f8080000,0x00000000f8080000,0x0000000100000000)
 ParOldGen       total 904704K, used 840631K [0x00000000a0000000, 0x00000000d7380000, 0x00000000e0000000)
  object space 904704K, 92% used [0x00000000a0000000,0x00000000d34ede70,0x00000000d7380000)
 Metaspace       used 124772K, capacity 133390K, committed 134656K, reserved 1165312K
  class space    used 15121K, capacity 17112K, committed 18176K, reserved 1048576K
Event: 8076.559 GC heap after
Heap after GC invocations=418 (full 21):
 PSYoungGen      total 381952K, used 0K [0x00000000e0000000, 0x0000000100000000, 0x0000000100000000)
  eden space 262656K, 0% used [0x00000000e0000000,0x00000000e0000000,0x00000000f0080000)
  from space 119296K, 0% used [0x00000000f0080000,0x00000000f0080000,0x00000000f7500000)
  to   space 130560K, 0% used [0x00000000f8080000,0x00000000f8080000,0x0000000100000000)
 ParOldGen       total 1048064K, used 559420K [0x00000000a0000000, 0x00000000dff80000, 0x00000000e0000000)
  object space 1048064K, 53% used [0x00000000a0000000,0x00000000c224f350,0x00000000dff80000)
 Metaspace       used 124772K, capacity 133390K, committed 134656K, reserved 1165312K
  class space    used 15121K, capacity 17112K, committed 18176K, reserved 1048576K
}
Event: 8077.325 GC heap before
{Heap before GC invocations=419 (full 21):
 PSYoungGen      total 381952K, used 262656K [0x00000000e0000000, 0x0000000100000000, 0x0000000100000000)
  eden space 262656K, 100% used [0x00000000e0000000,0x00000000f0080000,0x00000000f0080000)
  from space 119296K, 0% used [0x00000000f0080000,0x00000000f0080000,0x00000000f7500000)
  to   space 130560K, 0% used [0x00000000f8080000,0x00000000f8080000,0x0000000100000000)
 ParOldGen       total 1048064K, used 559420K [0x00000000a0000000, 0x00000000dff80000, 0x00000000e0000000)
  object space 1048064K, 53% used [0x00000000a0000000,0x00000000c224f350,0x00000000dff80000)
 Metaspace       used 124772K, capacity 133390K, committed 134656K, reserved 1165312K
  class space    used 15121K, capacity 17112K, committed 18176K, reserved 1048576K
Event: 8077.363 GC heap after
Heap after GC invocations=419 (full 21):
 PSYoungGen      total 395776K, used 56413K [0x00000000e0000000, 0x0000000100000000, 0x0000000100000000)
  eden space 265216K, 0% used [0x00000000e0000000,0x00000000e0000000,0x00000000f0300000)
  from space 130560K, 43% used [0x00000000f8080000,0x00000000fb7974a8,0x0000000100000000)
  to   space 128512K, 0% used [0x00000000f0300000,0x00000000f0300000,0x00000000f8080000)
 ParOldGen       total 1048064K, used 559420K [0x00000000a0000000, 0x00000000dff80000, 0x00000000e0000000)
  object space 1048064K, 53% used [0x00000000a0000000,0x00000000c224f350,0x00000000dff80000)
 Metaspace       used 124772K, capacity 133390K, committed 134656K, reserved 1165312K
  class space    used 15121K, capacity 17112K, committed 18176K, reserved 1048576K
}
Event: 8078.866 GC heap before
{Heap before GC invocations=420 (full 21):
 PSYoungGen      total 395776K, used 321629K [0x00000000e0000000, 0x0000000100000000, 0x0000000100000000)
  eden space 265216K, 100% used [0x00000000e0000000,0x00000000f0300000,0x00000000f0300000)
  from space 130560K, 43% used [0x00000000f8080000,0x00000000fb7974a8,0x0000000100000000)
  to   space 128512K, 0% used [0x00000000f0300000,0x00000000f0300000,0x00000000f8080000)
 ParOldGen       total 1048064K, used 559420K [0x00000000a0000000, 0x00000000dff80000, 0x00000000e0000000)
  object space 1048064K, 53% used [0x00000000a0000000,0x00000000c224f350,0x00000000dff80000)
 Metaspace       used 124772K, capacity 133390K, committed 134656K, reserved 1165312K
  class space    used 15121K, capacity 17112K, committed 18176K, reserved 1048576K
Event: 8078.911 GC heap after
Heap after GC invocations=420 (full 21):
 PSYoungGen      total 273408K, used 8183K [0x00000000e0000000, 0x00000000ff700000, 0x0000000100000000)
  eden space 265216K, 0% used [0x00000000e0000000,0x00000000e0000000,0x00000000f0300000)
  from space 8192K, 99% used [0x00000000f0300000,0x00000000f0afde58,0x00000000f0b00000)
  to   space 124928K, 0% used [0x00000000f7d00000,0x00000000f7d00000,0x00000000ff700000)
 ParOldGen       total 1048064K, used 615456K [0x00000000a0000000, 0x00000000dff80000, 0x00000000e0000000)
  object space 1048064K, 58% used [0x00000000a0000000,0x00000000c59081d8,0x00000000dff80000)
 Metaspace       used 124772K, capacity 133390K, committed 134656K, reserved 1165312K
  class space    used 15121K, capacity 17112K, committed 18176K, reserved 1048576K
}

